<?xml version="1.0" encoding="UTF-8"?>
<!-- Generated by org.testng.reporters.JUnitReportReporter -->
<testsuite hostname="Dinesh" failures="0" tests="1" name="Pages.BrowserInvoke" time="7.251" errors="0" timestamp="2025-05-17T20:12:58 IST" skipped="0">
  <testcase classname="Pages.BrowserInvoke" name="browser" time="7.251"/>
</testsuite> <!-- Pages.BrowserInvoke -->
