<?xml version="1.0" encoding="UTF-8"?>
<!-- Generated by org.testng.reporters.JUnitReportReporter -->
<testsuite hostname="Dinesh" failures="0" tests="1" name="Testclass.Testcase1" time="0.017" errors="0" timestamp="2025-05-17T19:42:12 IST" skipped="0">
  <testcase classname="Testclass.Testcase1" name="TestCase1" time="0.017"/>
</testsuite> <!-- Testclass.Testcase1 -->
